  Application.cpp
C:\Users\szymo\Programming\graphics\graphics-tutorials\DX11 Framework\Application.cpp(76,54): warning C4244: 'argument': conversion from 'UINT' to 'float', possible loss of data
C:\Users\szymo\Programming\graphics\graphics-tutorials\DX11 Framework\Application.cpp(76,40): warning C4244: 'argument': conversion from 'UINT' to 'float', possible loss of data
C:\Users\szymo\Programming\graphics\graphics-tutorials\DX11 Framework\Application.cpp(80,52): warning C4244: 'argument': conversion from 'UINT' to 'float', possible loss of data
C:\Users\szymo\Programming\graphics\graphics-tutorials\DX11 Framework\Application.cpp(80,38): warning C4244: 'argument': conversion from 'UINT' to 'float', possible loss of data
C:\Users\szymo\Programming\graphics\graphics-tutorials\DX11 Framework\Application.cpp(508,52): warning C4244: 'argument': conversion from 'int' to '_Ty', possible loss of data
          with
          [
              _Ty=unsigned short
          ]
C:\Users\szymo\Programming\graphics\graphics-tutorials\DX11 Framework\Application.cpp(509,52): warning C4244: 'argument': conversion from 'int' to '_Ty', possible loss of data
          with
          [
              _Ty=unsigned short
          ]
C:\Users\szymo\Programming\graphics\graphics-tutorials\DX11 Framework\Application.cpp(510,54): warning C4244: 'argument': conversion from 'int' to '_Ty', possible loss of data
          with
          [
              _Ty=unsigned short
          ]
C:\Users\szymo\Programming\graphics\graphics-tutorials\DX11 Framework\Application.cpp(512,54): warning C4244: 'argument': conversion from 'int' to '_Ty', possible loss of data
          with
          [
              _Ty=unsigned short
          ]
C:\Users\szymo\Programming\graphics\graphics-tutorials\DX11 Framework\Application.cpp(513,52): warning C4244: 'argument': conversion from 'int' to '_Ty', possible loss of data
          with
          [
              _Ty=unsigned short
          ]
C:\Users\szymo\Programming\graphics\graphics-tutorials\DX11 Framework\Application.cpp(514,56): warning C4244: 'argument': conversion from 'int' to '_Ty', possible loss of data
          with
          [
              _Ty=unsigned short
          ]
C:\Users\szymo\Programming\graphics\graphics-tutorials\DX11 Framework\Application.cpp(884,22): warning C4389: '==': signed/unsigned mismatch
C:\Users\szymo\Programming\graphics\graphics-tutorials\DX11 Framework\Application.cpp(910): warning C4238: nonstandard extension used: class rvalue used as lvalue
C:\Users\szymo\Programming\graphics\graphics-tutorials\DX11 Framework\Application.cpp(911): warning C4238: nonstandard extension used: class rvalue used as lvalue
C:\Users\szymo\Programming\graphics\graphics-tutorials\DX11 Framework\Application.cpp(910,70): warning C4238: nonstandard extension used: class rvalue used as lvalue
C:\Users\szymo\Programming\graphics\graphics-tutorials\DX11 Framework\Application.cpp(911,82): warning C4238: nonstandard extension used: class rvalue used as lvalue
  DX11 Framework.vcxproj -> C:\Users\szymo\Programming\graphics\graphics-tutorials\DX11 Framework\Debug\DX11 Framework.exe
